[00:10:21,411] [INFO] CmdHandlerFactory.init --> 完成关联: class org.tinygame.herostory.msg.GameMsgProtocol$UserAttkCmd == org.tinygame.herostory.cmdHandler.UserAttkCmdHandler
[00:10:21,415] [INFO] CmdHandlerFactory.init --> 完成关联: class org.tinygame.herostory.msg.GameMsgProtocol$UserEntryCmd == org.tinygame.herostory.cmdHandler.UserEntryCmdHandler
[00:10:21,416] [INFO] CmdHandlerFactory.init --> 完成关联: class org.tinygame.herostory.msg.GameMsgProtocol$WhoElseIsHereCmd == org.tinygame.herostory.cmdHandler.WhoElseIsHereCmdHandler
[00:10:21,417] [INFO] CmdHandlerFactory.init --> 完成关联: class org.tinygame.herostory.msg.GameMsgProtocol$UserLoginCmd == org.tinygame.herostory.cmdHandler.UserLoginCmdHandler
[00:10:21,418] [INFO] CmdHandlerFactory.init --> 完成关联: class org.tinygame.herostory.msg.GameMsgProtocol$UserMoveToCmd == org.tinygame.herostory.cmdHandler.UserMoveToCmdHandler
[00:10:21,463] [INFO] GameMsgRecognizer.init --> 完成关联: org.tinygame.herostory.msg.GameMsgProtocol$SelectHeroResult == 16
[00:10:21,467] [INFO] GameMsgRecognizer.init --> 完成关联: org.tinygame.herostory.msg.GameMsgProtocol$SelectHeroCmd == 15
[00:10:21,469] [INFO] GameMsgRecognizer.init --> 完成关联: org.tinygame.herostory.msg.GameMsgProtocol$UserLoginResult == 14
[00:10:21,472] [INFO] GameMsgRecognizer.init --> 完成关联: org.tinygame.herostory.msg.GameMsgProtocol$UserLoginCmd == 13
[00:10:21,474] [INFO] GameMsgRecognizer.init --> 完成关联: org.tinygame.herostory.msg.GameMsgProtocol$UserDieResult == 12
[00:10:21,477] [INFO] GameMsgRecognizer.init --> 完成关联: org.tinygame.herostory.msg.GameMsgProtocol$UserSubtractHpResult == 11
[00:10:21,479] [INFO] GameMsgRecognizer.init --> 完成关联: org.tinygame.herostory.msg.GameMsgProtocol$UserAttkResult == 10
[00:10:21,481] [INFO] GameMsgRecognizer.init --> 完成关联: org.tinygame.herostory.msg.GameMsgProtocol$UserAttkCmd == 9
[00:10:21,484] [INFO] GameMsgRecognizer.init --> 完成关联: org.tinygame.herostory.msg.GameMsgProtocol$UserStopResult == 8
[00:10:21,487] [INFO] GameMsgRecognizer.init --> 完成关联: org.tinygame.herostory.msg.GameMsgProtocol$UserStopCmd == 7
[00:10:21,490] [INFO] GameMsgRecognizer.init --> 完成关联: org.tinygame.herostory.msg.GameMsgProtocol$UserQuitResult == 6
[00:10:21,493] [INFO] GameMsgRecognizer.init --> 完成关联: org.tinygame.herostory.msg.GameMsgProtocol$UserMoveToResult == 5
[00:10:21,495] [INFO] GameMsgRecognizer.init --> 完成关联: org.tinygame.herostory.msg.GameMsgProtocol$UserMoveToCmd == 4
[00:10:21,497] [INFO] GameMsgRecognizer.init --> 完成关联: org.tinygame.herostory.msg.GameMsgProtocol$WhoElseIsHereResult == 3
[00:10:21,499] [INFO] GameMsgRecognizer.init --> 完成关联: org.tinygame.herostory.msg.GameMsgProtocol$WhoElseIsHereCmd == 2
[00:10:21,502] [INFO] GameMsgRecognizer.init --> 完成关联: org.tinygame.herostory.msg.GameMsgProtocol$UserEntryResult == 1
[00:10:21,504] [INFO] GameMsgRecognizer.init --> 完成关联: org.tinygame.herostory.msg.GameMsgProtocol$UserEntryCmd == 0
[00:10:22,642] [INFO] ServerMain.main --> 服务器启动成功
[00:10:34,479] [INFO] MainThreadProcessor.lambda$process$1 --> 收到客户端消息，clazz=org.tinygame.herostory.msg.GameMsgProtocol$UserLoginCmd，msg=userName: "11"
password: "22"

[00:10:34,480] [INFO] MainThreadProcessor.lambda$process$1 --> 当前线程==MainThread
[00:10:34,480] [INFO] UserLoginCmdHandler.handle --> 用户登录 ==> userName=11,password=22
[00:10:34,490] [INFO] LoginService$AsyncGetUserByName.doAsync --> 当前线程 = AsyncOperationProcessor
[00:10:34,775] [INFO] LoginService$AsyncGetUserByName.doAsync --> 用户登录，用户ID=16，用户名=11
[00:10:34,777] [INFO] UserLoginCmdHandler.lambda$handle$0 --> 当前线程 = MainThread
[00:10:34,778] [INFO] UserLoginCmdHandler.lambda$handle$0 --> 用户登录成功,userName=11
[00:10:34,915] [INFO] MainThreadProcessor.lambda$process$1 --> 收到客户端消息，clazz=org.tinygame.herostory.msg.GameMsgProtocol$UserEntryCmd，msg=
[00:10:34,915] [INFO] MainThreadProcessor.lambda$process$1 --> 当前线程==MainThread
[00:10:34,916] [INFO] UserEntryCmdHandler.handle --> 用户进场user=org.tinygame.herostory.model.User@3c2fc115
[00:10:34,923] [INFO] MainThreadProcessor.lambda$process$1 --> 收到客户端消息，clazz=org.tinygame.herostory.msg.GameMsgProtocol$WhoElseIsHereCmd，msg=
[00:10:34,924] [INFO] MainThreadProcessor.lambda$process$1 --> 当前线程==MainThread
[00:10:46,482] [INFO] MainThreadProcessor.lambda$process$1 --> 收到客户端消息，clazz=org.tinygame.herostory.msg.GameMsgProtocol$UserLoginCmd，msg=userName: "22"
password: "33"

[00:10:46,483] [INFO] MainThreadProcessor.lambda$process$1 --> 当前线程==MainThread
[00:10:46,483] [INFO] UserLoginCmdHandler.handle --> 用户登录 ==> userName=22,password=33
[00:10:46,484] [INFO] LoginService$AsyncGetUserByName.doAsync --> 当前线程 = AsyncOperationProcessor
[00:10:46,490] [INFO] LoginService$AsyncGetUserByName.doAsync --> 用户登录，用户ID=19，用户名=22
[00:10:46,492] [INFO] UserLoginCmdHandler.lambda$handle$0 --> 当前线程 = MainThread
[00:10:46,493] [INFO] UserLoginCmdHandler.lambda$handle$0 --> 用户登录成功,userName=22
[00:10:46,595] [INFO] MainThreadProcessor.lambda$process$1 --> 收到客户端消息，clazz=org.tinygame.herostory.msg.GameMsgProtocol$UserEntryCmd，msg=
[00:10:46,595] [INFO] MainThreadProcessor.lambda$process$1 --> 当前线程==MainThread
[00:10:46,596] [INFO] UserEntryCmdHandler.handle --> 用户进场user=org.tinygame.herostory.model.User@4fe2b584
[00:10:46,596] [INFO] MainThreadProcessor.lambda$process$1 --> 收到客户端消息，clazz=org.tinygame.herostory.msg.GameMsgProtocol$WhoElseIsHereCmd，msg=
[00:10:46,596] [INFO] MainThreadProcessor.lambda$process$1 --> 当前线程==MainThread
[00:10:47,727] [INFO] MainThreadProcessor.lambda$process$1 --> 收到客户端消息，clazz=org.tinygame.herostory.msg.GameMsgProtocol$UserMoveToCmd，msg=moveToPosX: 117.01225
moveToPosY: -24.615385

[00:10:47,727] [INFO] MainThreadProcessor.lambda$process$1 --> 当前线程==MainThread
[00:10:52,214] [INFO] MainThreadProcessor.lambda$process$1 --> 收到客户端消息，clazz=org.tinygame.herostory.msg.GameMsgProtocol$UserMoveToCmd，msg=moveFromPosX: 117.315704
moveFromPosY: -25.590143
moveToPosX: -151.25977
moveToPosY: -26.042364

[00:10:52,215] [INFO] MainThreadProcessor.lambda$process$1 --> 当前线程==MainThread
[00:10:54,268] [INFO] MainThreadProcessor.lambda$process$1 --> 收到客户端消息，clazz=org.tinygame.herostory.msg.GameMsgProtocol$UserMoveToCmd，msg=moveFromPosX: -145.06215
moveFromPosY: -27.706879
moveToPosX: -45.66333
moveToPosY: 1.0702341

[00:10:54,269] [INFO] MainThreadProcessor.lambda$process$1 --> 当前线程==MainThread
[00:10:55,322] [INFO] MainThreadProcessor.lambda$process$1 --> 收到客户端消息，clazz=org.tinygame.herostory.msg.GameMsgProtocol$UserAttkCmd，msg=targetUserId: 16

[00:10:55,322] [INFO] MainThreadProcessor.lambda$process$1 --> 当前线程==MainThread
[00:10:55,512] [INFO] MainThreadProcessor.lambda$process$1 --> 收到客户端消息，clazz=org.tinygame.herostory.msg.GameMsgProtocol$UserAttkCmd，msg=targetUserId: 16

[00:10:55,513] [INFO] MainThreadProcessor.lambda$process$1 --> 当前线程==MainThread
[00:10:55,723] [INFO] MainThreadProcessor.lambda$process$1 --> 收到客户端消息，clazz=org.tinygame.herostory.msg.GameMsgProtocol$UserAttkCmd，msg=targetUserId: 16

[00:10:55,724] [INFO] MainThreadProcessor.lambda$process$1 --> 当前线程==MainThread
[00:10:56,175] [INFO] MainThreadProcessor.lambda$process$1 --> 收到客户端消息，clazz=org.tinygame.herostory.msg.GameMsgProtocol$UserAttkCmd，msg=targetUserId: 16

[00:10:56,176] [INFO] MainThreadProcessor.lambda$process$1 --> 当前线程==MainThread
[00:10:56,857] [INFO] MainThreadProcessor.lambda$process$1 --> 收到客户端消息，clazz=org.tinygame.herostory.msg.GameMsgProtocol$UserAttkCmd，msg=targetUserId: 16

[00:10:56,858] [INFO] MainThreadProcessor.lambda$process$1 --> 当前线程==MainThread
[00:10:57,164] [INFO] MainThreadProcessor.lambda$process$1 --> 收到客户端消息，clazz=org.tinygame.herostory.msg.GameMsgProtocol$UserAttkCmd，msg=targetUserId: 16

[00:10:57,165] [INFO] MainThreadProcessor.lambda$process$1 --> 当前线程==MainThread
[00:10:57,376] [INFO] MainThreadProcessor.lambda$process$1 --> 收到客户端消息，clazz=org.tinygame.herostory.msg.GameMsgProtocol$UserAttkCmd，msg=targetUserId: 16

[00:10:57,377] [INFO] MainThreadProcessor.lambda$process$1 --> 当前线程==MainThread
[00:10:58,001] [INFO] MainThreadProcessor.lambda$process$1 --> 收到客户端消息，clazz=org.tinygame.herostory.msg.GameMsgProtocol$UserMoveToCmd，msg=moveFromPosX: -44.793602
moveFromPosY: 2.1594882
moveToPosX: -15.696775
moveToPosY: -17.48049

[00:10:58,002] [INFO] MainThreadProcessor.lambda$process$1 --> 当前线程==MainThread
[00:10:58,998] [INFO] MainThreadProcessor.lambda$process$1 --> 收到客户端消息，clazz=org.tinygame.herostory.msg.GameMsgProtocol$UserAttkCmd，msg=targetUserId: 16

[00:10:58,999] [INFO] MainThreadProcessor.lambda$process$1 --> 当前线程==MainThread
[00:10:59,211] [INFO] MainThreadProcessor.lambda$process$1 --> 收到客户端消息，clazz=org.tinygame.herostory.msg.GameMsgProtocol$UserAttkCmd，msg=targetUserId: 16

[00:10:59,212] [INFO] MainThreadProcessor.lambda$process$1 --> 当前线程==MainThread
[00:10:59,940] [INFO] MainThreadProcessor.lambda$process$1 --> 收到客户端消息，clazz=org.tinygame.herostory.msg.GameMsgProtocol$UserMoveToCmd，msg=moveFromPosX: -14.925568
moveFromPosY: -19.195135
moveToPosX: 37.81493
moveToPosY: -3.2107024

[00:10:59,941] [INFO] MainThreadProcessor.lambda$process$1 --> 当前线程==MainThread
[00:11:01,094] [INFO] MainThreadProcessor.lambda$process$1 --> 收到客户端消息，clazz=org.tinygame.herostory.msg.GameMsgProtocol$UserMoveToCmd，msg=moveFromPosX: 38.402184
moveFromPosY: -2.1089258
moveToPosX: 17.123737
moveToPosY: -11.772575

[00:11:01,095] [INFO] MainThreadProcessor.lambda$process$1 --> 当前线程==MainThread
[00:11:01,715] [INFO] MainThreadProcessor.lambda$process$1 --> 收到客户端消息，clazz=org.tinygame.herostory.msg.GameMsgProtocol$UserAttkCmd，msg=targetUserId: 16

[00:11:01,716] [INFO] MainThreadProcessor.lambda$process$1 --> 当前线程==MainThread
[00:11:02,767] [INFO] MainThreadProcessor.lambda$process$1 --> 收到客户端消息，clazz=org.tinygame.herostory.msg.GameMsgProtocol$UserMoveToCmd，msg=moveFromPosX: 17.048199
moveFromPosY: -12.777597
moveToPosX: 31.393526
moveToPosY: -1.0702341

[00:11:02,768] [INFO] MainThreadProcessor.lambda$process$1 --> 当前线程==MainThread
[00:11:05,855] [INFO] MainThreadProcessor.lambda$process$1 --> 收到客户端消息，clazz=org.tinygame.herostory.msg.GameMsgProtocol$UserMoveToCmd，msg=moveFromPosX: 31.985798
moveFromPosY: 0.04057922
moveToPosX: 29.966547
moveToPosY: -16.053513

[00:11:05,857] [INFO] MainThreadProcessor.lambda$process$1 --> 当前线程==MainThread
[00:11:06,845] [INFO] MainThreadProcessor.lambda$process$1 --> 收到客户端消息，clazz=org.tinygame.herostory.msg.GameMsgProtocol$UserAttkCmd，msg=targetUserId: 16

[00:11:06,846] [INFO] MainThreadProcessor.lambda$process$1 --> 当前线程==MainThread
[00:11:07,053] [INFO] MainThreadProcessor.lambda$process$1 --> 收到客户端消息，clazz=org.tinygame.herostory.msg.GameMsgProtocol$UserAttkCmd，msg=targetUserId: 16

[00:11:07,054] [INFO] MainThreadProcessor.lambda$process$1 --> 当前线程==MainThread
[00:11:07,280] [INFO] MainThreadProcessor.lambda$process$1 --> 收到客户端消息，clazz=org.tinygame.herostory.msg.GameMsgProtocol$UserAttkCmd，msg=targetUserId: 16

[00:11:07,280] [INFO] MainThreadProcessor.lambda$process$1 --> 当前线程==MainThread
[00:11:07,487] [INFO] MainThreadProcessor.lambda$process$1 --> 收到客户端消息，clazz=org.tinygame.herostory.msg.GameMsgProtocol$UserAttkCmd，msg=targetUserId: 16

[00:11:07,488] [INFO] MainThreadProcessor.lambda$process$1 --> 当前线程==MainThread
[00:11:09,663] [INFO] MainThreadProcessor.lambda$process$1 --> 收到客户端消息，clazz=org.tinygame.herostory.msg.GameMsgProtocol$UserMoveToCmd，msg=moveToPosX: 69.92195
moveToPosY: -31.036789

[00:11:09,663] [INFO] MainThreadProcessor.lambda$process$1 --> 当前线程==MainThread
[00:11:10,654] [INFO] MainThreadProcessor.lambda$process$1 --> 收到客户端消息，clazz=org.tinygame.herostory.msg.GameMsgProtocol$UserAttkCmd，msg=targetUserId: 19

[00:11:10,655] [INFO] MainThreadProcessor.lambda$process$1 --> 当前线程==MainThread
[00:11:10,872] [INFO] MainThreadProcessor.lambda$process$1 --> 收到客户端消息，clazz=org.tinygame.herostory.msg.GameMsgProtocol$UserAttkCmd，msg=targetUserId: 19

[00:11:10,873] [INFO] MainThreadProcessor.lambda$process$1 --> 当前线程==MainThread
[00:11:11,004] [INFO] MainThreadProcessor.lambda$process$1 --> 收到客户端消息，clazz=org.tinygame.herostory.msg.GameMsgProtocol$UserMoveToCmd，msg=moveFromPosX: 70.42509
moveFromPosY: -32.01267
moveToPosX: 91.32664
moveToPosY: -24.615385

[00:11:11,006] [INFO] MainThreadProcessor.lambda$process$1 --> 当前线程==MainThread
[00:11:11,430] [INFO] MainThreadProcessor.lambda$process$1 --> 收到客户端消息，clazz=org.tinygame.herostory.msg.GameMsgProtocol$UserAttkCmd，msg=targetUserId: 19

[00:11:11,431] [INFO] MainThreadProcessor.lambda$process$1 --> 当前线程==MainThread
[00:11:12,395] [INFO] MainThreadProcessor.lambda$process$1 --> 收到客户端消息，clazz=org.tinygame.herostory.msg.GameMsgProtocol$UserAttkCmd，msg=targetUserId: 19

[00:11:12,395] [INFO] MainThreadProcessor.lambda$process$1 --> 当前线程==MainThread
[00:11:12,603] [INFO] MainThreadProcessor.lambda$process$1 --> 收到客户端消息，clazz=org.tinygame.herostory.msg.GameMsgProtocol$UserAttkCmd，msg=targetUserId: 19

[00:11:12,604] [INFO] MainThreadProcessor.lambda$process$1 --> 当前线程==MainThread
[00:11:12,803] [INFO] MainThreadProcessor.lambda$process$1 --> 收到客户端消息，clazz=org.tinygame.herostory.msg.GameMsgProtocol$UserAttkCmd，msg=targetUserId: 19

[00:11:12,804] [INFO] MainThreadProcessor.lambda$process$1 --> 当前线程==MainThread
[00:11:12,986] [INFO] MainThreadProcessor.lambda$process$1 --> 收到客户端消息，clazz=org.tinygame.herostory.msg.GameMsgProtocol$UserAttkCmd，msg=targetUserId: 19

[00:11:12,986] [INFO] MainThreadProcessor.lambda$process$1 --> 当前线程==MainThread
[00:11:13,155] [INFO] MainThreadProcessor.lambda$process$1 --> 收到客户端消息，clazz=org.tinygame.herostory.msg.GameMsgProtocol$UserAttkCmd，msg=targetUserId: 19

[00:11:13,156] [INFO] MainThreadProcessor.lambda$process$1 --> 当前线程==MainThread
[00:11:13,347] [INFO] MainThreadProcessor.lambda$process$1 --> 收到客户端消息，clazz=org.tinygame.herostory.msg.GameMsgProtocol$UserAttkCmd，msg=targetUserId: 19

[00:11:13,348] [INFO] MainThreadProcessor.lambda$process$1 --> 当前线程==MainThread
[00:11:13,559] [INFO] MainThreadProcessor.lambda$process$1 --> 收到客户端消息，clazz=org.tinygame.herostory.msg.GameMsgProtocol$UserAttkCmd，msg=targetUserId: 19

[00:11:13,559] [INFO] MainThreadProcessor.lambda$process$1 --> 当前线程==MainThread
[00:11:22,833] [INFO] MainThreadProcessor.lambda$process$1 --> 收到客户端消息，clazz=org.tinygame.herostory.msg.GameMsgProtocol$UserMoveToCmd，msg=moveFromPosX: 91.75142
moveFromPosY: -23.48275
moveToPosX: 219.75473
moveToPosY: -36.031216

[00:11:22,834] [INFO] MainThreadProcessor.lambda$process$1 --> 当前线程==MainThread
